2022.07.31 22:08:08 INFO  tracing is disabled for protocol LSP, to enable tracing of incoming and outgoing JSON messages create an empty file at /Users/nelson/Documents/workspace/scala/Pokedex/.metals/lsp.trace.json or /Users/nelson/Library/Caches/org.scalameta.metals/lsp.trace.json
2022.07.31 22:08:09 INFO  logging to file /Users/nelson/Documents/workspace/scala/Pokedex/.metals/metals.log
2022.07.31 22:08:09 INFO  Started: Metals version 0.11.7 in workspace '/Users/nelson/Documents/workspace/scala/Pokedex' for client Visual Studio Code 1.68.1.
2022.07.31 22:08:10 INFO  time: initialize in 0.85s
2022.07.31 22:08:10 WARN  Flyway upgrade recommended: H2 2.1.214 is newer than this version of Flyway and support has not been tested. The latest supported version of H2 is 2.1.210.
2022.07.31 22:08:11 WARN  Build server is not auto-connectable.
2022.07.31 22:08:14 WARN  no build target for: /Users/nelson/Documents/workspace/scala/Pokedex/src/main/scala/com/pokemon/Pokedex.scala
2022.07.31 22:08:20 INFO  no build target found for /Users/nelson/Documents/workspace/scala/Pokedex/src/main/scala/com/pokemon/Pokedex.scala. Using presentation compiler with project's scala-library version: 3.1.3
2022.07.31 22:08:23 INFO  time: code lens generation in 8.01s
2022.07.31 22:08:23 INFO  time: code lens generation in 2.37s
2022.07.31 22:08:27 INFO  running '/Users/nelson/.jabba/jdk/openjdk@1.17.0/Contents/Home/bin/java -Djline.terminal=jline.UnsupportedTerminal -Dsbt.log.noformat=true -Dfile.encoding=UTF-8 -jar /var/folders/d_/lhs84_vd4pn1715g7dlkm4mm0000gn/T/metals14901270857051889665/sbt-launch.jar -Dbloop.export-jar-classifiers=sources bloopInstall'
2022.07.31 22:08:27 WARN  no build target for: /Users/nelson/Documents/workspace/scala/Pokedex/project/metals.sbt
2022.07.31 22:08:27 WARN  no build target for: /Users/nelson/Documents/workspace/scala/Pokedex/project/project/metals.sbt
2022.07.31 22:08:27 INFO  skipping build import with status 'Started'
2022.07.31 22:08:29 INFO  [info] welcome to sbt 1.6.2 (Oracle Corporation Java 17)
2022.07.31 22:08:32 INFO  [info] loading settings for project pokedex-build-build from metals.sbt ...
2022.07.31 22:08:33 INFO  [info] loading project definition from /Users/nelson/Documents/workspace/scala/Pokedex/project/project
2022.07.31 22:08:37 INFO  [info] loading settings for project pokedex-build from metals.sbt ...
2022.07.31 22:08:37 INFO  [info] loading project definition from /Users/nelson/Documents/workspace/scala/Pokedex/project
2022.07.31 22:08:40 INFO  [success] Generated .bloop/pokedex-build.json
2022.07.31 22:08:40 INFO  [success] Total time: 3 s, completed 31 juil. 2022, 22:08:41
2022.07.31 22:08:43 INFO  [info] loading settings for project pokedex from build.sbt ...
2022.07.31 22:08:43 INFO  [info] set current project to Pokedex (in build file:/Users/nelson/Documents/workspace/scala/Pokedex/)
2022.07.31 22:08:43 INFO  [warn] scala3-library_3-3.1.3-sources.jar no longer exists at /home/imrane/.cache/coursier/v1/https/repo1.maven.org/maven2/org/scala-lang/scala3-library_3/3.1.3/scala3-library_3-3.1.3-sources.jar
2022.07.31 22:08:45 INFO  [success] Generated .bloop/pokedex-test.json
2022.07.31 22:08:45 INFO  [success] Generated .bloop/pokedex.json
2022.07.31 22:08:45 INFO  [success] Total time: 2 s, completed 31 juil. 2022, 22:08:45
2022.07.31 22:08:45 INFO  time: ran 'sbt bloopInstall' in 18s
2022.07.31 22:08:45 INFO  Attempting to connect to the build server...
2022.07.31 22:08:45 INFO  Bloop uses /Users/nelson/.jabba/jdk/openjdk@1.17.0/Contents/Home defined at /Users/nelson/.bloop/bloop.json
2022.07.31 22:08:50 INFO  tracing is disabled for protocol BSP, to enable tracing of incoming and outgoing JSON messages create an empty file at /Users/nelson/Documents/workspace/scala/Pokedex/.metals/bsp.trace.json or /Users/nelson/Library/Caches/org.scalameta.metals/bsp.trace.json
2022.07.31 22:08:50 INFO  Attempting to connect to the build server...
2022.07.31 22:08:50 INFO  Bloop uses /Users/nelson/.jabba/jdk/openjdk@1.17.0/Contents/Home defined at /Users/nelson/.bloop/bloop.json
2022.07.31 22:08:50 INFO  tracing is disabled for protocol BSP, to enable tracing of incoming and outgoing JSON messages create an empty file at /Users/nelson/Documents/workspace/scala/Pokedex/project/.metals/bsp.trace.json or /Users/nelson/Library/Caches/org.scalameta.metals/bsp.trace.json
2022.07.31 22:08:53 INFO  time: Connected to build server in 7.71s
2022.07.31 22:08:53 INFO  Connected to Build server: Bloop v1.5.2
2022.07.31 22:08:53 INFO  time: Imported build in 0.17s
2022.07.31 22:09:02 INFO  time: indexed workspace in 9.08s
2022.07.31 22:09:03 INFO  compiling pokedex (7 scala sources)
2022.07.31 22:09:10 INFO  time: compiled pokedex in 7.03s
2022.07.31 22:09:15 INFO  compiling pokedex (1 scala source)
2022.07.31 22:09:15 INFO  time: compiled pokedex in 0.47s
2022.07.31 22:11:40 INFO  compiling pokedex (1 scala source)
2022.07.31 22:11:40 INFO  time: compiled pokedex in 0.14s
2022.07.31 22:12:11 INFO  compiling pokedex (1 scala source)
2022.07.31 22:12:11 INFO  time: compiled pokedex in 0.77s
2022.07.31 22:12:27 INFO  file:///Users/nelson/Documents/workspace/scala/Pokedex/src/main/scala/com/pokemon/Pokemon.scala:35:7: stale bloop warning: A try without catch or finally is equivalent to putting
its body in a block; no exceptions are handled.
> try
>         val gen : String = versions.asJsObject.getFields("generation-"+romanNumerals(currentNumber)).head.toString
>         if(gen != "" && gen != null)
>           this.generation = currentNumber + 1
>         currentNumber += 1
2022.07.31 22:12:27 INFO  file:///Users/nelson/Documents/workspace/scala/Pokedex/src/main/scala/com/pokemon/Pokemon.scala:47:61: stale bloop warning: The method `apply` is inserted. The auto insertion will be deprecated, please write `com.pokemon.Stat.apply` explicitly.
    implicit val statFormat: JsonFormat[Stat] = jsonFormat2(Stat)
                                                            ^^^^
2022.07.31 22:12:27 INFO  file:///Users/nelson/Documents/workspace/scala/Pokedex/src/main/scala/com/pokemon/Pokemon.scala:67:61: stale bloop warning: The method `apply` is inserted. The auto insertion will be deprecated, please write `com.pokemon.Type.apply` explicitly.
    implicit val typeFormat: JsonFormat[Type] = jsonFormat2(Type)
                                                            ^^^^
2022.07.31 22:12:27 INFO  file:///Users/nelson/Documents/workspace/scala/Pokedex/src/main/scala/com/pokemon/Pokemon.scala:35:7: stale bloop warning: A try without catch or finally is equivalent to putting
its body in a block; no exceptions are handled.
> try
>         val gen : String = versions.asJsObject.getFields("generation-"+romanNumerals(currentNumber)).head.toString
>         if(gen != "" && gen != null)
>           this.generation = currentNumber + 1
>         currentNumber += 1
2022.07.31 22:12:27 INFO  file:///Users/nelson/Documents/workspace/scala/Pokedex/src/main/scala/com/pokemon/Pokemon.scala:47:61: stale bloop warning: The method `apply` is inserted. The auto insertion will be deprecated, please write `com.pokemon.Stat.apply` explicitly.
    implicit val statFormat: JsonFormat[Stat] = jsonFormat2(Stat)
                                                            ^^^^
2022.07.31 22:12:27 INFO  file:///Users/nelson/Documents/workspace/scala/Pokedex/src/main/scala/com/pokemon/Pokemon.scala:67:61: stale bloop warning: The method `apply` is inserted. The auto insertion will be deprecated, please write `com.pokemon.Type.apply` explicitly.
    implicit val typeFormat: JsonFormat[Type] = jsonFormat2(Type)
                                                            ^^^^
2022.07.31 22:12:37 INFO  file:///Users/nelson/Documents/workspace/scala/Pokedex/src/main/scala/com/pokemon/Pokemon.scala:35:7: stale bloop warning: A try without catch or finally is equivalent to putting
its body in a block; no exceptions are handled.
> try
>         val gen : String = versions.asJsObject.getFields("generation-"+romanNumerals(currentNumber)).head.toString
>         if(gen != "" && gen != null)
>           this.generation = currentNumber + 1
>         currentNumber += 1
2022.07.31 22:12:37 INFO  file:///Users/nelson/Documents/workspace/scala/Pokedex/src/main/scala/com/pokemon/Pokemon.scala:47:61: stale bloop warning: The method `apply` is inserted. The auto insertion will be deprecated, please write `com.pokemon.Stat.apply` explicitly.
    implicit val statFormat: JsonFormat[Stat] = jsonFormat2(Stat)
                                                            ^^^^
2022.07.31 22:12:37 INFO  file:///Users/nelson/Documents/workspace/scala/Pokedex/src/main/scala/com/pokemon/Pokemon.scala:67:61: stale bloop warning: The method `apply` is inserted. The auto insertion will be deprecated, please write `com.pokemon.Type.apply` explicitly.
    implicit val typeFormat: JsonFormat[Type] = jsonFormat2(Type)
                                                            ^^^^
2022.07.31 22:12:37 INFO  file:///Users/nelson/Documents/workspace/scala/Pokedex/src/main/scala/com/pokemon/Pokemon.scala:35:7: stale bloop warning: A try without catch or finally is equivalent to putting
its body in a block; no exceptions are handled.
> try
>         val gen : String = versions.asJsObject.getFields("generation-"+romanNumerals(currentNumber)).head.toString
>         if(gen != "" && gen != null)
>           this.generation = currentNumber + 1
>         currentNumber += 1
2022.07.31 22:12:37 INFO  file:///Users/nelson/Documents/workspace/scala/Pokedex/src/main/scala/com/pokemon/Pokemon.scala:47:61: stale bloop warning: The method `apply` is inserted. The auto insertion will be deprecated, please write `com.pokemon.Stat.apply` explicitly.
    implicit val statFormat: JsonFormat[Stat] = jsonFormat2(Stat)
                                                            ^^^^
2022.07.31 22:12:37 INFO  file:///Users/nelson/Documents/workspace/scala/Pokedex/src/main/scala/com/pokemon/Pokemon.scala:67:61: stale bloop warning: The method `apply` is inserted. The auto insertion will be deprecated, please write `com.pokemon.Type.apply` explicitly.
    implicit val typeFormat: JsonFormat[Type] = jsonFormat2(Type)
                                                            ^^^^
2022.07.31 22:13:05 INFO  compiling pokedex (1 scala source)
2022.07.31 22:13:05 INFO  time: compiled pokedex in 0.65s
2022.07.31 22:13:09 INFO  compiling pokedex (1 scala source)
2022.07.31 22:13:09 INFO  time: compiled pokedex in 0.6s
2022.07.31 22:14:25 INFO  compiling pokedex (1 scala source)
2022.07.31 22:14:25 INFO  time: compiled pokedex in 0.7s
2022.07.31 22:16:17 INFO  compiling pokedex (1 scala source)
2022.07.31 22:16:18 INFO  time: compiled pokedex in 1.03s
2022.07.31 22:16:18 INFO  compiling pokedex (1 scala source)
2022.07.31 22:16:20 INFO  time: compiled pokedex in 1s
juil. 31, 2022 10:16:20 PM org.eclipse.lsp4j.jsonrpc.RemoteEndpoint handleCancellation
WARNING: Unmatched cancel notification for request id 469
2022.07.31 22:16:31 INFO  compiling pokedex (1 scala source)
2022.07.31 22:16:31 INFO  time: compiled pokedex in 0.99s
2022.07.31 22:16:51 INFO  compiling pokedex (1 scala source)
2022.07.31 22:16:52 INFO  time: compiled pokedex in 1.12s
2022.07.31 22:16:52 INFO  compiling pokedex (4 scala sources)
2022.07.31 22:16:52 INFO  time: compiled pokedex in 0.73s
juil. 31, 2022 10:16:59 PM org.eclipse.lsp4j.jsonrpc.RemoteEndpoint handleCancellation
WARNING: Unmatched cancel notification for request id 510
juil. 31, 2022 10:17:08 PM org.eclipse.lsp4j.jsonrpc.RemoteEndpoint handleCancellation
WARNING: Unmatched cancel notification for request id 514
2022.07.31 22:18:01 INFO  compiling pokedex (1 scala source)
2022.07.31 22:18:01 INFO  time: compiled pokedex in 0.81s
2022.07.31 22:18:01 INFO  compiling pokedex (3 scala sources)
2022.07.31 22:18:01 INFO  time: compiled pokedex in 0.16s
2022.07.31 22:18:21 INFO  compiling pokedex (7 scala sources)
2022.07.31 22:18:22 INFO  time: compiled pokedex in 1.15s
